<?xml version="1.0" encoding="utf-8"?><testsuites name="pytest tests"><testsuite name="pytest" errors="0" failures="0" skipped="0" tests="32" time="50.956" timestamp="2026-09-08T19:47:18.309429+01:00" hostname="LAPTOP-L59AVUEL"><testcase classname="tests.test_integrity" name="test_patient_partitions_are_disjoint_and_reproducible" time="0.079" /><testcase classname="tests.test_integrity" name="test_cross_partition_leakage_rejected[patient_id]" time="0.033" /><testcase classname="tests.test_integrity" name="test_cross_partition_leakage_rejected[study_id]" time="0.025" /><testcase classname="tests.test_integrity" name="test_cross_partition_leakage_rejected[series_id]" time="0.035" /><testcase classname="tests.test_integrity" name="test_cross_partition_leakage_rejected[sop_id]" time="0.025" /><testcase classname="tests.test_integrity" name="test_cross_partition_leakage_rejected[image_id]" time="0.037" /><testcase classname="tests.test_integrity" name="test_cross_partition_leakage_rejected[pixel_hash]" time="0.028" /><testcase classname="tests.test_integrity" name="test_missing_patient_rejected" time="0.014" /><testcase classname="tests.test_integrity" name="test_pca_fit_is_exactly_train_only" time="0.361" /><testcase classname="tests.test_integrity" name="test_pca_matches_training_only_sklearn" time="0.048" /><testcase classname="tests.test_integrity" name="test_signed_hu_and_display_polarity" time="0.183" /><testcase classname="tests.test_integrity" name="test_invalid_dicom_fails_loudly" time="0.003" /><testcase classname="tests.test_integrity" name="test_constant_images_finite_and_fixed_windows" time="0.063" /><testcase classname="tests.test_integrity" name="test_labels_not_argmax_and_undefined_metrics" time="0.021" /><testcase classname="tests.test_integrity" name="test_label_duplicates_and_missing_labels" time="0.025" /><testcase classname="tests.test_integrity" name="test_loss_weights_reject_heldout" time="0.013" /><testcase classname="tests.test_models" name="test_preprocessing_matches_keras[vgg16-vgg16]" time="1.492" /><testcase classname="tests.test_models" name="test_preprocessing_matches_keras[resnet50-resnet50]" time="0.092" /><testcase classname="tests.test_models" name="test_preprocessing_matches_keras[densenet121-densenet]" time="0.311" /><testcase classname="tests.test_models" name="test_preprocessing_matches_keras[efficientnetb0-efficientnet]" time="0.086" /><testcase classname="tests.test_models" name="test_preprocessing_matches_keras[inceptionv3-inception_v3]" time="0.087" /><testcase classname="tests.test_models" name="test_all_preserved_image_architectures[vgg16]" time="1.004" /><testcase classname="tests.test_models" name="test_all_preserved_image_architectures[resnet50]" time="2.066" /><testcase classname="tests.test_models" name="test_all_preserved_image_architectures[densenet121]" time="4.216" /><testcase classname="tests.test_models" name="test_all_preserved_image_architectures[efficientnetb0]" time="2.729" /><testcase classname="tests.test_models" name="test_all_preserved_image_architectures[inceptionv3]" time="6.996" /><testcase classname="tests.test_models" name="test_all_preserved_image_architectures[ensemble]" time="10.725" /><testcase classname="tests.test_models" name="test_pca_feature_dimensions_and_head" time="4.952" /><testcase classname="tests.test_models" name="test_gradcam_explicit_label_and_zero_heatmap" time="0.206" /><testcase classname="tests.test_pipeline" name="test_train_save_reload_evaluate_pipeline[resnet50]" time="3.053" /><testcase classname="tests.test_pipeline" name="test_train_save_reload_evaluate_pipeline[pca_ensemble]" time="4.252" /><testcase classname="tests.test_pipeline" name="test_stale_dicom_manifest_rejected" time="0.141" /></testsuite></testsuites>