<?xml version="1.0" encoding="utf-8"?><testsuites name="pytest tests"><testsuite name="pytest" errors="0" failures="0" skipped="0" tests="39" time="106.347" timestamp="2026-09-20T17:17:29.475660+01:00" hostname="LAPTOP-L59AVUEL"><testcase classname="tests.test_cohort" name="test_quarantine_dedup_and_transitive_grouping" time="0.281" /><testcase classname="tests.test_cohort" name="test_linked_ids_cannot_cross_partitions" time="0.145" /><testcase classname="tests.test_cohort" name="test_finalize_complete_cache_without_reading_dicoms" time="0.252" /><testcase classname="tests.test_integrity" name="test_patient_partitions_are_disjoint_and_reproducible" time="0.089" /><testcase classname="tests.test_integrity" name="test_cross_partition_leakage_rejected[patient_id]" time="0.044" /><testcase classname="tests.test_integrity" name="test_cross_partition_leakage_rejected[study_id]" time="0.041" /><testcase classname="tests.test_integrity" name="test_cross_partition_leakage_rejected[series_id]" time="0.047" /><testcase classname="tests.test_integrity" name="test_cross_partition_leakage_rejected[sop_id]" time="0.052" /><testcase classname="tests.test_integrity" name="test_cross_partition_leakage_rejected[image_id]" time="0.053" /><testcase classname="tests.test_integrity" name="test_cross_partition_leakage_rejected[pixel_hash]" time="0.054" /><testcase classname="tests.test_integrity" name="test_missing_patient_rejected" time="0.046" /><testcase classname="tests.test_integrity" name="test_pca_fit_is_exactly_train_only" time="0.320" /><testcase classname="tests.test_integrity" name="test_pca_matches_training_only_sklearn" time="0.052" /><testcase classname="tests.test_integrity" name="test_signed_hu_and_display_polarity" time="0.005" /><testcase classname="tests.test_integrity" name="test_invalid_dicom_fails_loudly" time="0.002" /><testcase classname="tests.test_integrity" name="test_constant_images_finite_and_fixed_windows" time="0.053" /><testcase classname="tests.test_integrity" name="test_labels_not_argmax_and_undefined_metrics" time="0.026" /><testcase classname="tests.test_integrity" name="test_label_duplicates_and_missing_labels" time="0.026" /><testcase classname="tests.test_integrity" name="test_loss_weights_reject_heldout" time="0.027" /><testcase classname="tests.test_manifest_scan" name="test_scan_cache_resume_and_changed_file" time="0.777" /><testcase classname="tests.test_manifest_scan" name="test_unknown_errors_block_even_with_known_exclusion_enabled" time="0.497" /><testcase classname="tests.test_manifest_scan" name="test_known_exclusion_requires_exact_observed_defect" time="0.121" /><testcase classname="tests.test_manifest_scan" name="test_interrupt_preserves_completed_work" time="1.308" /><testcase classname="tests.test_models" name="test_preprocessing_matches_keras[vgg16-vgg16]" time="5.532" /><testcase classname="tests.test_models" name="test_preprocessing_matches_keras[resnet50-resnet50]" time="0.196" /><testcase classname="tests.test_models" name="test_preprocessing_matches_keras[densenet121-densenet]" time="0.189" /><testcase classname="tests.test_models" name="test_preprocessing_matches_keras[efficientnetb0-efficientnet]" time="0.157" /><testcase classname="tests.test_models" name="test_preprocessing_matches_keras[inceptionv3-inception_v3]" time="0.153" /><testcase classname="tests.test_models" name="test_all_preserved_image_architectures[vgg16]" time="1.492" /><testcase classname="tests.test_models" name="test_all_preserved_image_architectures[resnet50]" time="2.994" /><testcase classname="tests.test_models" name="test_all_preserved_image_architectures[densenet121]" time="4.194" /><testcase classname="tests.test_models" name="test_all_preserved_image_architectures[efficientnetb0]" time="8.910" /><testcase classname="tests.test_models" name="test_all_preserved_image_architectures[inceptionv3]" time="23.657" /><testcase classname="tests.test_models" name="test_all_preserved_image_architectures[ensemble]" time="17.519" /><testcase classname="tests.test_models" name="test_pca_feature_dimensions_and_head" time="6.440" /><testcase classname="tests.test_models" name="test_gradcam_explicit_label_and_zero_heatmap" time="0.202" /><testcase classname="tests.test_pipeline" name="test_train_save_reload_evaluate_pipeline[resnet50]" time="3.537" /><testcase classname="tests.test_pipeline" name="test_train_save_reload_evaluate_pipeline[pca_ensemble]" time="7.210" /><testcase classname="tests.test_pipeline" name="test_stale_dicom_manifest_rejected" time="0.207" /></testsuite></testsuites>